In file included from ../src/bufferutil.cc:7:0:
/home/guest/.node-gyp/4.6.1/include/node/v8.h:336:1: error: expected unqualified-id before ‘using’
/home/guest/.node-gyp/4.6.1/include/node/v8.h:469:1: error: expected unqualified-id before ‘using’
/home/guest/.node-gyp/4.6.1/include/node/v8.h:852:1: error: expected unqualified-id before ‘using’
In file included from ../src/bufferutil.cc:15:0:
/home/guest/Desktop/PLCWebApp/NTK-Server-1-2/node_modules/socket.io/node_modules/engine.io/node_modules/ws/node_modules/nan/nan.h:107:11: error: ‘v8::Handle’ has not been declared
/home/guest/Desktop/PLCWebApp/NTK-Server-1-2/node_modules/socket.io/node_modules/engine.io/node_modules/ws/node_modules/nan/nan.h:107:17: error: expected ‘,’ or ‘...’ before ‘<’ token
/home/guest/Desktop/PLCWebApp/NTK-Server-1-2/node_modules/socket.io/node_modules/engine.io/node_modules/ws/node_modules/nan/nan.h: In function ‘bool NanBooleanOptionValue(v8::Local<v8::Object>, int)’:
/home/guest/Desktop/PLCWebApp/NTK-Server-1-2/node_modules/socket.io/node_modules/engine.io/node_modules/ws/node_modules/nan/nan.h:109:7: error: ‘def’ was not declared in this scope
/home/guest/Desktop/PLCWebApp/NTK-Server-1-2/node_modules/socket.io/node_modules/engine.io/node_modules/ws/node_modules/nan/nan.h:111:27: error: ‘opt’ was not declared in this scope
/home/guest/Desktop/PLCWebApp/NTK-Server-1-2/node_modules/socket.io/node_modules/engine.io/node_modules/ws/node_modules/nan/nan.h:115:26: error: ‘opt’ was not declared in this scope
/home/guest/Desktop/PLCWebApp/NTK-Server-1-2/node_modules/socket.io/node_modules/engine.io/node_modules/ws/node_modules/nan/nan.h: At global scope:
/home/guest/Desktop/PLCWebApp/NTK-Server-1-2/node_modules/socket.io/node_modules/engine.io/node_modules/ws/node_modules/nan/nan.h:122:11: error: ‘v8::Handle’ has not been declared
/home/guest/Desktop/PLCWebApp/NTK-Server-1-2/node_modules/socket.io/node_modules/engine.io/node_modules/ws/node_modules/nan/nan.h:122:17: error: expected ‘,’ or ‘...’ before ‘<’ token
/home/guest/Desktop/PLCWebApp/NTK-Server-1-2/node_modules/socket.io/node_modules/engine.io/node_modules/ws/node_modules/nan/nan.h: In function ‘bool NanBooleanOptionValue(v8::Local<v8::Object>, int)’:
/home/guest/Desktop/PLCWebApp/NTK-Server-1-2/node_modules/socket.io/node_modules/engine.io/node_modules/ws/node_modules/nan/nan.h:120:20: error: redefinition of ‘bool NanBooleanOptionValue(v8::Local<v8::Object>, int)’
/home/guest/Desktop/PLCWebApp/NTK-Server-1-2/node_modules/socket.io/node_modules/engine.io/node_modules/ws/node_modules/nan/nan.h:105:20: error: ‘bool NanBooleanOptionValue(v8::Local<v8::Object>, int)’ previously defined here
/home/guest/Desktop/PLCWebApp/NTK-Server-1-2/node_modules/socket.io/node_modules/engine.io/node_modules/ws/node_modules/nan/nan.h:123:44: error: ‘opt’ was not declared in this scope
/home/guest/Desktop/PLCWebApp/NTK-Server-1-2/node_modules/socket.io/node_modules/engine.io/node_modules/ws/node_modules/nan/nan.h: At global scope:
/home/guest/Desktop/PLCWebApp/NTK-Server-1-2/node_modules/socket.io/node_modules/engine.io/node_modules/ws/node_modules/nan/nan.h:128:11: error: ‘v8::Handle’ has not been declared
/home/guest/Desktop/PLCWebApp/NTK-Server-1-2/node_modules/socket.io/node_modules/engine.io/node_modules/ws/node_modules/nan/nan.h:128:17: error: expected ‘,’ or ‘...’ before ‘<’ token
/home/guest/Desktop/PLCWebApp/NTK-Server-1-2/node_modules/socket.io/node_modules/engine.io/node_modules/ws/node_modules/nan/nan.h: In function ‘uint32_t NanUInt32OptionValue(v8::Local<v8::Object>, int)’:
/home/guest/Desktop/PLCWebApp/NTK-Server-1-2/node_modules/socket.io/node_modules/engine.io/node_modules/ws/node_modules/nan/nan.h:132:24: error: ‘opt’ was not declared in this scope
/home/guest/Desktop/PLCWebApp/NTK-Server-1-2/node_modules/socket.io/node_modules/engine.io/node_modules/ws/node_modules/nan/nan.h:135:9: error: ‘def’ was not declared in this scope
/home/guest/Desktop/PLCWebApp/NTK-Server-1-2/node_modules/socket.io/node_modules/engine.io/node_modules/ws/node_modules/nan/nan.h: In function ‘void NanThrowError(const char*)’:
/home/guest/Desktop/PLCWebApp/NTK-Server-1-2/node_modules/socket.io/node_modules/engine.io/node_modules/ws/node_modules/nan/nan.h:213:5: error: ‘ThrowException’ is not a member of ‘v8’
/home/guest/Desktop/PLCWebApp/NTK-Server-1-2/node_modules/socket.io/node_modules/engine.io/node_modules/ws/node_modules/nan/nan.h:213:5: error: ‘New’ is not a member of ‘v8::String’
/home/guest/Desktop/PLCWebApp/NTK-Server-1-2/node_modules/socket.io/node_modules/engine.io/node_modules/ws/node_modules/nan/nan.h: At global scope:
/home/guest/Desktop/PLCWebApp/NTK-Server-1-2/node_modules/socket.io/node_modules/engine.io/node_modules/ws/node_modules/nan/nan.h:216:40: error: variable or field ‘NanThrowError’ declared void
/home/guest/Desktop/PLCWebApp/NTK-Server-1-2/node_modules/socket.io/node_modules/engine.io/node_modules/ws/node_modules/nan/nan.h:216:36: error: ‘Handle’ is not a member of ‘v8’
/home/guest/Desktop/PLCWebApp/NTK-Server-1-2/node_modules/socket.io/node_modules/engine.io/node_modules/ws/node_modules/nan/nan.h:216:56: error: expected primary-expression before ‘>’ token
/home/guest/Desktop/PLCWebApp/NTK-Server-1-2/node_modules/socket.io/node_modules/engine.io/node_modules/ws/node_modules/nan/nan.h:216:58: error: ‘error’ was not declared in this scope
/home/guest/Desktop/PLCWebApp/NTK-Server-1-2/node_modules/socket.io/node_modules/engine.io/node_modules/ws/node_modules/nan/nan.h: In function ‘void NanThrowError(const char*, int)’:
/home/guest/Desktop/PLCWebApp/NTK-Server-1-2/node_modules/socket.io/node_modules/engine.io/node_modules/ws/node_modules/nan/nan.h:222:53: error: ‘New’ is not a member of ‘v8::String’
/home/guest/Desktop/PLCWebApp/NTK-Server-1-2/node_modules/socket.io/node_modules/engine.io/node_modules/ws/node_modules/nan/nan.h:224:14: error: ‘New’ is not a member of ‘v8::String’
/home/guest/Desktop/PLCWebApp/NTK-Server-1-2/node_modules/socket.io/node_modules/engine.io/node_modules/ws/node_modules/nan/nan.h:224:65: error: no matching function for call to ‘v8::Int32::New(const int&)’
/home/guest/Desktop/PLCWebApp/NTK-Server-1-2/node_modules/socket.io/node_modules/engine.io/node_modules/ws/node_modules/nan/nan.h:224:65: note: candidate is:
/home/guest/.node-gyp/4.6.1/include/node/v8.h:2499:25: note: static v8::Local<v8::Integer> v8::Integer::New(v8::Isolate*, int32_t)
/home/guest/.node-gyp/4.6.1/include/node/v8.h:2499:25: note:   candidate expects 2 arguments, 1 provided
/home/guest/Desktop/PLCWebApp/NTK-Server-1-2/node_modules/socket.io/node_modules/engine.io/node_modules/ws/node_modules/nan/nan.h:225:22: error: no matching function for call to ‘NanThrowError(v8::Local<v8::Value>&)’
/home/guest/Desktop/PLCWebApp/NTK-Server-1-2/node_modules/socket.io/node_modules/engine.io/node_modules/ws/node_modules/nan/nan.h:225:22: note: candidates are:
/home/guest/Desktop/PLCWebApp/NTK-Server-1-2/node_modules/socket.io/node_modules/engine.io/node_modules/ws/node_modules/nan/nan.h:212:22: note: void NanThrowError(const char*)
/home/guest/Desktop/PLCWebApp/NTK-Server-1-2/node_modules/socket.io/node_modules/engine.io/node_modules/ws/node_modules/nan/nan.h:212:22: note:   no known conversion for argument 1 from ‘v8::Local<v8::Value>’ to ‘const char*’
/home/guest/Desktop/PLCWebApp/NTK-Server-1-2/node_modules/socket.io/node_modules/engine.io/node_modules/ws/node_modules/nan/nan.h:221:22: note: void NanThrowError(const char*, int)
/home/guest/Desktop/PLCWebApp/NTK-Server-1-2/node_modules/socket.io/node_modules/engine.io/node_modules/ws/node_modules/nan/nan.h:221:22: note:   candidate expects 2 arguments, 1 provided
/home/guest/Desktop/PLCWebApp/NTK-Server-1-2/node_modules/socket.io/node_modules/engine.io/node_modules/ws/node_modules/nan/nan.h: In function ‘void NanThrowTypeError(const char*)’:
/home/guest/Desktop/PLCWebApp/NTK-Server-1-2/node_modules/socket.io/node_modules/engine.io/node_modules/ws/node_modules/nan/nan.h:229:5: error: ‘ThrowException’ is not a member of ‘v8’
/home/guest/Desktop/PLCWebApp/NTK-Server-1-2/node_modules/socket.io/node_modules/engine.io/node_modules/ws/node_modules/nan/nan.h:229:5: error: ‘New’ is not a member of ‘v8::String’
/home/guest/Desktop/PLCWebApp/NTK-Server-1-2/node_modules/socket.io/node_modules/engine.io/node_modules/ws/node_modules/nan/nan.h: In function ‘void NanThrowRangeError(const char*)’:
/home/guest/Desktop/PLCWebApp/NTK-Server-1-2/node_modules/socket.io/node_modules/engine.io/node_modules/ws/node_modules/nan/nan.h:233:5: error: ‘ThrowException’ is not a member of ‘v8’
/home/guest/Desktop/PLCWebApp/NTK-Server-1-2/node_modules/socket.io/node_modules/engine.io/node_modules/ws/node_modules/nan/nan.h:233:5: error: ‘New’ is not a member of ‘v8::String’
/home/guest/Desktop/PLCWebApp/NTK-Server-1-2/node_modules/socket.io/node_modules/engine.io/node_modules/ws/node_modules/nan/nan.h: At global scope:
/home/guest/Desktop/PLCWebApp/NTK-Server-1-2/node_modules/socket.io/node_modules/engine.io/node_modules/ws/node_modules/nan/nan.h:244:13: error: ‘node::smalloc’ has not been declared
/home/guest/Desktop/PLCWebApp/NTK-Server-1-2/node_modules/socket.io/node_modules/engine.io/node_modules/ws/node_modules/nan/nan.h:244:35: error: expected ‘,’ or ‘...’ before ‘callback’
/home/guest/Desktop/PLCWebApp/NTK-Server-1-2/node_modules/socket.io/node_modules/engine.io/node_modules/ws/node_modules/nan/nan.h: In function ‘v8::Local<v8::Object> NanNewBufferHandle(char*, size_t, int)’:
/home/guest/Desktop/PLCWebApp/NTK-Server-1-2/node_modules/socket.io/node_modules/engine.io/node_modules/ws/node_modules/nan/nan.h:246:44: error: ‘callback’ was not declared in this scope
/home/guest/Desktop/PLCWebApp/NTK-Server-1-2/node_modules/socket.io/node_modules/engine.io/node_modules/ws/node_modules/nan/nan.h:246:54: error: ‘hint’ was not declared in this scope
/home/guest/Desktop/PLCWebApp/NTK-Server-1-2/node_modules/socket.io/node_modules/engine.io/node_modules/ws/node_modules/nan/nan.h: In function ‘v8::Local<v8::Object> NanNewBufferHandle(char*, uint32_t)’:
/home/guest/Desktop/PLCWebApp/NTK-Server-1-2/node_modules/socket.io/node_modules/engine.io/node_modules/ws/node_modules/nan/nan.h:251:40: error: no matching function for call to ‘New(char*&, uint32_t&)’
/home/guest/Desktop/PLCWebApp/NTK-Server-1-2/node_modules/socket.io/node_modules/engine.io/node_modules/ws/node_modules/nan/nan.h:251:40: note: candidates are:
/home/guest/.node-gyp/4.6.1/include/node/node_buffer.h:31:40: note: v8::MaybeLocal<v8::Object> node::Buffer::New(v8::Isolate*, size_t)
/home/guest/.node-gyp/4.6.1/include/node/node_buffer.h:31:40: note:   no known conversion for argument 1 from ‘char*’ to ‘v8::Isolate*’
/home/guest/.node-gyp/4.6.1/include/node/node_buffer.h:34:40: note: v8::MaybeLocal<v8::Object> node::Buffer::New(v8::Isolate*, v8::Local<v8::String>, node::encoding)
/home/guest/.node-gyp/4.6.1/include/node/node_buffer.h:34:40: note:   no known conversion for argument 1 from ‘char*’ to ‘v8::Isolate*’
/home/guest/.node-gyp/4.6.1/include/node/node_buffer.h:39:40: note: v8::MaybeLocal<v8::Object> node::Buffer::New(v8::Isolate*, char*, size_t, node::Buffer::FreeCallback, void*)
/home/guest/.node-gyp/4.6.1/include/node/node_buffer.h:39:40: note:   candidate expects 5 arguments, 2 provided
/home/guest/.node-gyp/4.6.1/include/node/node_buffer.h:46:40: note: v8::MaybeLocal<v8::Object> node::Buffer::New(v8::Isolate*, char*, size_t)
/home/guest/.node-gyp/4.6.1/include/node/node_buffer.h:46:40: note:   candidate expects 3 arguments, 2 provided
/home/guest/Desktop/PLCWebApp/NTK-Server-1-2/node_modules/socket.io/node_modules/engine.io/node_modules/ws/node_modules/nan/nan.h: In function ‘v8::Local<v8::Object> NanNewBufferHandle(uint32_t)’:
/home/guest/Desktop/PLCWebApp/NTK-Server-1-2/node_modules/socket.io/node_modules/engine.io/node_modules/ws/node_modules/nan/nan.h:255:34: error: no matching function for call to ‘New(uint32_t&)’
/home/guest/Desktop/PLCWebApp/NTK-Server-1-2/node_modules/socket.io/node_modules/engine.io/node_modules/ws/node_modules/nan/nan.h:255:34: note: candidates are:
/home/guest/.node-gyp/4.6.1/include/node/node_buffer.h:31:40: note: v8::MaybeLocal<v8::Object> node::Buffer::New(v8::Isolate*, size_t)
/home/guest/.node-gyp/4.6.1/include/node/node_buffer.h:31:40: note:   candidate expects 2 arguments, 1 provided
/home/guest/.node-gyp/4.6.1/include/node/node_buffer.h:34:40: note: v8::MaybeLocal<v8::Object> node::Buffer::New(v8::Isolate*, v8::Local<v8::String>, node::encoding)
/home/guest/.node-gyp/4.6.1/include/node/node_buffer.h:34:40: note:   candidate expects 3 arguments, 1 provided
/home/guest/.node-gyp/4.6.1/include/node/node_buffer.h:39:40: note: v8::MaybeLocal<v8::Object> node::Buffer::New(v8::Isolate*, char*, size_t, node::Buffer::FreeCallback, void*)
/home/guest/.node-gyp/4.6.1/include/node/node_buffer.h:39:40: note:   candidate expects 5 arguments, 1 provided
/home/guest/.node-gyp/4.6.1/include/node/node_buffer.h:46:40: note: v8::MaybeLocal<v8::Object> node::Buffer::New(v8::Isolate*, char*, size_t)
/home/guest/.node-gyp/4.6.1/include/node/node_buffer.h:46:40: note:   candidate expects 3 arguments, 1 provided
/home/guest/Desktop/PLCWebApp/NTK-Server-1-2/node_modules/socket.io/node_modules/engine.io/node_modules/ws/node_modules/nan/nan.h: In function ‘v8::Local<v8::Object> NanBufferUse(char*, uint32_t)’:
/home/guest/Desktop/PLCWebApp/NTK-Server-1-2/node_modules/socket.io/node_modules/engine.io/node_modules/ws/node_modules/nan/nan.h:259:12: error: ‘Use’ is not a member of ‘node::Buffer’
/home/guest/Desktop/PLCWebApp/NTK-Server-1-2/node_modules/socket.io/node_modules/engine.io/node_modules/ws/node_modules/nan/nan.h: At global scope:
/home/guest/Desktop/PLCWebApp/NTK-Server-1-2/node_modules/socket.io/node_modules/engine.io/node_modules/ws/node_modules/nan/nan.h:275:13: error: ‘v8::Handle’ has not been declared
/home/guest/Desktop/PLCWebApp/NTK-Server-1-2/node_modules/socket.io/node_modules/engine.io/node_modules/ws/node_modules/nan/nan.h:275:19: error: expected ‘,’ or ‘...’ before ‘<’ token
/home/guest/Desktop/PLCWebApp/NTK-Server-1-2/node_modules/socket.io/node_modules/engine.io/node_modules/ws/node_modules/nan/nan.h: In function ‘bool NanHasInstance(v8::Persistent<v8::FunctionTemplate>&, int)’:
/home/guest/Desktop/PLCWebApp/NTK-Server-1-2/node_modules/socket.io/node_modules/engine.io/node_modules/ws/node_modules/nan/nan.h:276:65: error: ‘value’ was not declared in this scope
/home/guest/Desktop/PLCWebApp/NTK-Server-1-2/node_modules/socket.io/node_modules/engine.io/node_modules/ws/node_modules/nan/nan.h: At global scope:
/home/guest/Desktop/PLCWebApp/NTK-Server-1-2/node_modules/socket.io/node_modules/engine.io/node_modules/ws/node_modules/nan/nan.h:281:9: error: ‘v8::Handle’ has not been declared
/home/guest/Desktop/PLCWebApp/NTK-Server-1-2/node_modules/socket.io/node_modules/engine.io/node_modules/ws/node_modules/nan/nan.h:281:15: error: expected ‘,’ or ‘...’ before ‘<’ token
/home/guest/Desktop/PLCWebApp/NTK-Server-1-2/node_modules/socket.io/node_modules/engine.io/node_modules/ws/node_modules/nan/nan.h: In function ‘v8::Local<v8::Context> NanNewContextHandle(v8::ExtensionConfiguration*, int)’:
/home/guest/Desktop/PLCWebApp/NTK-Server-1-2/node_modules/socket.io/node_modules/engine.io/node_modules/ws/node_modules/nan/nan.h:279:40: error: default argument missing for parameter 2 of ‘v8::Local<v8::Context> NanNewContextHandle(v8::ExtensionConfiguration*, int)’
/home/guest/Desktop/PLCWebApp/NTK-Server-1-2/node_modules/socket.io/node_modules/engine.io/node_modules/ws/node_modules/nan/nan.h:284:36: error: ‘tmpl’ was not declared in this scope
/home/guest/Desktop/PLCWebApp/NTK-Server-1-2/node_modules/socket.io/node_modules/engine.io/node_modules/ws/node_modules/nan/nan.h:284:42: error: ‘obj’ was not declared in this scope
/home/guest/Desktop/PLCWebApp/NTK-Server-1-2/node_modules/socket.io/node_modules/engine.io/node_modules/ws/node_modules/nan/nan.h: In constructor ‘NanCallback::NanCallback(const v8::Local<v8::Function>&)’:
/home/guest/Desktop/PLCWebApp/NTK-Server-1-2/node_modules/socket.io/node_modules/engine.io/node_modules/ws/node_modules/nan/nan.h:450:49: error: no matching function for call to ‘v8::Object::New()’
/home/guest/Desktop/PLCWebApp/NTK-Server-1-2/node_modules/socket.io/node_modules/engine.io/node_modules/ws/node_modules/nan/nan.h:450:49: note: candidate is:
/home/guest/.node-gyp/4.6.1/include/node/v8.h:2933:24: note: static v8::Local<v8::Object> v8::Object::New(v8::Isolate*)
/home/guest/.node-gyp/4.6.1/include/node/v8.h:2933:24: note:   candidate expects 1 argument, 0 provided
/home/guest/Desktop/PLCWebApp/NTK-Server-1-2/node_modules/socket.io/node_modules/engine.io/node_modules/ws/node_modules/nan/nan.h:451:14: error: ‘NewSymbol’ is not a member of ‘v8::String’
/home/guest/Desktop/PLCWebApp/NTK-Server-1-2/node_modules/socket.io/node_modules/engine.io/node_modules/ws/node_modules/nan/nan.h: In destructor ‘NanCallback::~NanCallback()’:
/home/guest/Desktop/PLCWebApp/NTK-Server-1-2/node_modules/socket.io/node_modules/engine.io/node_modules/ws/node_modules/nan/nan.h:457:12: error: ‘class v8::Persistent<v8::Object>’ has no member named ‘Dispose’
/home/guest/Desktop/PLCWebApp/NTK-Server-1-2/node_modules/socket.io/node_modules/engine.io/node_modules/ws/node_modules/nan/nan.h:458:12: error: ‘class v8::Persistent<v8::Object>’ has no member named ‘Clear’
/home/guest/Desktop/PLCWebApp/NTK-Server-1-2/node_modules/socket.io/node_modules/engine.io/node_modules/ws/node_modules/nan/nan.h: In member function ‘v8::Local<v8::Function> NanCallback::GetFunction()’:
/home/guest/Desktop/PLCWebApp/NTK-Server-1-2/node_modules/socket.io/node_modules/engine.io/node_modules/ws/node_modules/nan/nan.h:462:46: error: ‘NewSymbol’ is not a member of ‘v8::String’
/home/guest/Desktop/PLCWebApp/NTK-Server-1-2/node_modules/socket.io/node_modules/engine.io/node_modules/ws/node_modules/nan/nan.h:463:25: error: expected primary-expression before ‘>’ token
/home/guest/Desktop/PLCWebApp/NTK-Server-1-2/node_modules/socket.io/node_modules/engine.io/node_modules/ws/node_modules/nan/nan.h:463:27: error: expected primary-expression before ‘)’ token
/home/guest/Desktop/PLCWebApp/NTK-Server-1-2/node_modules/socket.io/node_modules/engine.io/node_modules/ws/node_modules/nan/nan.h: In member function ‘void NanCallback::Call(int, v8::Local<v8::Value>*)’:
/home/guest/Desktop/PLCWebApp/NTK-Server-1-2/node_modules/socket.io/node_modules/engine.io/node_modules/ws/node_modules/nan/nan.h:475:12: error: ‘NewSymbol’ is not a member of ‘v8::String’
/home/guest/Desktop/PLCWebApp/NTK-Server-1-2/node_modules/socket.io/node_modules/engine.io/node_modules/ws/node_modules/nan/nan.h:475:50: error: expected primary-expression before ‘>’ token
/home/guest/Desktop/PLCWebApp/NTK-Server-1-2/node_modules/socket.io/node_modules/engine.io/node_modules/ws/node_modules/nan/nan.h:475:52: error: expected primary-expression before ‘)’ token
/home/guest/Desktop/PLCWebApp/NTK-Server-1-2/node_modules/socket.io/node_modules/engine.io/node_modules/ws/node_modules/nan/nan.h:477:20: error: ‘GetCurrent’ is not a member of ‘v8::Context’
/home/guest/Desktop/PLCWebApp/NTK-Server-1-2/node_modules/socket.io/node_modules/engine.io/node_modules/ws/node_modules/nan/nan.h:479:37: warning: ‘void node::FatalException(const v8::TryCatch&)’ is deprecated (declared at /home/guest/.node-gyp/4.6.1/include/node/node.h:283): Use FatalException(isolate, ...) [-Wdeprecated-declarations]
/home/guest/Desktop/PLCWebApp/NTK-Server-1-2/node_modules/socket.io/node_modules/engine.io/node_modules/ws/node_modules/nan/nan.h: At global scope:
/home/guest/Desktop/PLCWebApp/NTK-Server-1-2/node_modules/socket.io/node_modules/engine.io/node_modules/ws/node_modules/nan/nan.h:518:3: error: ‘uv_work_t’ does not name a type
/home/guest/Desktop/PLCWebApp/NTK-Server-1-2/node_modules/socket.io/node_modules/engine.io/node_modules/ws/node_modules/nan/nan.h: In constructor ‘NanAsyncWorker::NanAsyncWorker(NanCallback*)’:
/home/guest/Desktop/PLCWebApp/NTK-Server-1-2/node_modules/socket.io/node_modules/engine.io/node_modules/ws/node_modules/nan/nan.h:490:5: error: ‘request’ was not declared in this scope
/home/guest/Desktop/PLCWebApp/NTK-Server-1-2/node_modules/socket.io/node_modules/engine.io/node_modules/ws/node_modules/nan/nan.h: In member function ‘void NanAsyncWorker::SavePersistent(const char*, v8::Local<v8::Object>&)’:
/home/guest/Desktop/PLCWebApp/NTK-Server-1-2/node_modules/socket.io/node_modules/engine.io/node_modules/ws/node_modules/nan/nan.h:529:17: error: ‘NewSymbol’ is not a member of ‘v8::String’
/home/guest/Desktop/PLCWebApp/NTK-Server-1-2/node_modules/socket.io/node_modules/engine.io/node_modules/ws/node_modules/nan/nan.h: In member function ‘v8::Local<v8::Object> NanAsyncWorker::GetFromPersistent(const char*)’:
/home/guest/Desktop/PLCWebApp/NTK-Server-1-2/node_modules/socket.io/node_modules/engine.io/node_modules/ws/node_modules/nan/nan.h:536:24: error: ‘NewSymbol’ is not a member of ‘v8::String’
/home/guest/Desktop/PLCWebApp/NTK-Server-1-2/node_modules/socket.io/node_modules/engine.io/node_modules/ws/node_modules/nan/nan.h:536:53: error: expected primary-expression before ‘>’ token
/home/guest/Desktop/PLCWebApp/NTK-Server-1-2/node_modules/socket.io/node_modules/engine.io/node_modules/ws/node_modules/nan/nan.h:536:55: error: expected primary-expression before ‘)’ token
/home/guest/Desktop/PLCWebApp/NTK-Server-1-2/node_modules/socket.io/node_modules/engine.io/node_modules/ws/node_modules/nan/nan.h: In member function ‘virtual void NanAsyncWorker::HandleErrorCallback()’:
/home/guest/Desktop/PLCWebApp/NTK-Server-1-2/node_modules/socket.io/node_modules/engine.io/node_modules/ws/node_modules/nan/nan.h:549:30: error: ‘New’ is not a member of ‘v8::String’
/home/guest/Desktop/PLCWebApp/NTK-Server-1-2/node_modules/socket.io/node_modules/engine.io/node_modules/ws/node_modules/nan/nan.h: At global scope:
/home/guest/Desktop/PLCWebApp/NTK-Server-1-2/node_modules/socket.io/node_modules/engine.io/node_modules/ws/node_modules/nan/nan.h:555:30: error: variable or field ‘NanAsyncExecute’ declared void
/home/guest/Desktop/PLCWebApp/NTK-Server-1-2/node_modules/socket.io/node_modules/engine.io/node_modules/ws/node_modules/nan/nan.h:555:30: error: ‘uv_work_t’ was not declared in this scope
/home/guest/Desktop/PLCWebApp/NTK-Server-1-2/node_modules/socket.io/node_modules/engine.io/node_modules/ws/node_modules/nan/nan.h:555:41: error: ‘req’ was not declared in this scope
/home/guest/Desktop/PLCWebApp/NTK-Server-1-2/node_modules/socket.io/node_modules/engine.io/node_modules/ws/node_modules/nan/nan.h:560:38: error: variable or field ‘NanAsyncExecuteComplete’ declared void
/home/guest/Desktop/PLCWebApp/NTK-Server-1-2/node_modules/socket.io/node_modules/engine.io/node_modules/ws/node_modules/nan/nan.h:560:38: error: ‘uv_work_t’ was not declared in this scope
/home/guest/Desktop/PLCWebApp/NTK-Server-1-2/node_modules/socket.io/node_modules/engine.io/node_modules/ws/node_modules/nan/nan.h:560:49: error: ‘req’ was not declared in this scope
/home/guest/Desktop/PLCWebApp/NTK-Server-1-2/node_modules/socket.io/node_modules/engine.io/node_modules/ws/node_modules/nan/nan.h: In function ‘void NanAsyncQueueWorker(NanAsyncWorker*)’:
/home/guest/Desktop/PLCWebApp/NTK-Server-1-2/node_modules/socket.io/node_modules/engine.io/node_modules/ws/node_modules/nan/nan.h:568:23: error: ‘uv_default_loop’ was not declared in this scope
/home/guest/Desktop/PLCWebApp/NTK-Server-1-2/node_modules/socket.io/node_modules/engine.io/node_modules/ws/node_modules/nan/nan.h:569:16: error: ‘class NanAsyncWorker’ has no member named ‘request’
/home/guest/Desktop/PLCWebApp/NTK-Server-1-2/node_modules/socket.io/node_modules/engine.io/node_modules/ws/node_modules/nan/nan.h:570:7: error: ‘NanAsyncExecute’ was not declared in this scope
/home/guest/Desktop/PLCWebApp/NTK-Server-1-2/node_modules/socket.io/node_modules/engine.io/node_modules/ws/node_modules/nan/nan.h:571:8: error: ‘uv_after_work_cb’ was not declared in this scope
/home/guest/Desktop/PLCWebApp/NTK-Server-1-2/node_modules/socket.io/node_modules/engine.io/node_modules/ws/node_modules/nan/nan.h:572:3: error: ‘uv_queue_work’ was not declared in this scope
/home/guest/Desktop/PLCWebApp/NTK-Server-1-2/node_modules/socket.io/node_modules/engine.io/node_modules/ws/node_modules/nan/nan.h: At global scope:
/home/guest/Desktop/PLCWebApp/NTK-Server-1-2/node_modules/socket.io/node_modules/engine.io/node_modules/ws/node_modules/nan/nan.h:704:7: error: ‘Handle’ is not a member of ‘v8’
/home/guest/Desktop/PLCWebApp/NTK-Server-1-2/node_modules/socket.io/node_modules/engine.io/node_modules/ws/node_modules/nan/nan.h:704:27: error: expected primary-expression before ‘>’ token
/home/guest/Desktop/PLCWebApp/NTK-Server-1-2/node_modules/socket.io/node_modules/engine.io/node_modules/ws/node_modules/nan/nan.h:704:29: error: ‘val’ was not declared in this scope
/home/guest/Desktop/PLCWebApp/NTK-Server-1-2/node_modules/socket.io/node_modules/engine.io/node_modules/ws/node_modules/nan/nan.h:705:7: error: expected primary-expression before ‘const’
/home/guest/Desktop/PLCWebApp/NTK-Server-1-2/node_modules/socket.io/node_modules/engine.io/node_modules/ws/node_modules/nan/nan.h:706:13: error: expected primary-expression before ‘*’ token
/home/guest/Desktop/PLCWebApp/NTK-Server-1-2/node_modules/socket.io/node_modules/engine.io/node_modules/ws/node_modules/nan/nan.h:706:15: error: ‘len’ was not declared in this scope
/home/guest/Desktop/PLCWebApp/NTK-Server-1-2/node_modules/socket.io/node_modules/engine.io/node_modules/ws/node_modules/nan/nan.h:706:18: error: expression list treated as compound expression in initializer [-fpermissive]
/home/guest/Desktop/PLCWebApp/NTK-Server-1-2/node_modules/socket.io/node_modules/engine.io/node_modules/ws/node_modules/nan/nan.h:706:20: error: expected ‘,’ or ‘;’ before ‘{’ token
/home/guest/Desktop/PLCWebApp/NTK-Server-1-2/node_modules/socket.io/node_modules/engine.io/node_modules/ws/node_modules/nan/nan.h: In function ‘void NanDispose(v8::Persistent<T, v8::NonCopyablePersistentTraits<T> >&) [with T = v8::Object]’:
/home/guest/Desktop/PLCWebApp/NTK-Server-1-2/node_modules/socket.io/node_modules/engine.io/node_modules/ws/node_modules/nan/nan.h:498:34:   instantiated from here
/home/guest/Desktop/PLCWebApp/NTK-Server-1-2/node_modules/socket.io/node_modules/engine.io/node_modules/ws/node_modules/nan/nan.h:237:5: error: ‘class v8::Persistent<v8::Object>’ has no member named ‘Dispose’
/home/guest/Desktop/PLCWebApp/NTK-Server-1-2/node_modules/socket.io/node_modules/engine.io/node_modules/ws/node_modules/nan/nan.h:238:5: error: ‘class v8::Persistent<v8::Object>’ has no member named ‘Clear’
/home/guest/Desktop/PLCWebApp/NTK-Server-1-2/node_modules/socket.io/node_modules/engine.io/node_modules/ws/node_modules/nan/nan.h: At global scope:
/home/guest/Desktop/PLCWebApp/NTK-Server-1-2/node_modules/socket.io/node_modules/engine.io/node_modules/ws/node_modules/nan/nan.h:703:13: warning: ‘_NanGetExternalParts’ defined but not used [-Wunused-variable]
make: *** [Release/obj.target/bufferutil/src/bufferutil.o] Error 1
gyp ERR! build error 
gyp ERR! stack Error: `make` failed with exit code: 2
gyp ERR! stack     at ChildProcess.onExit (/usr/lib/node_modules/npm/node_modules/node-gyp/lib/build.js:276:23)
gyp ERR! stack     at emitTwo (events.js:87:13)
gyp ERR! stack     at ChildProcess.emit (events.js:172:7)
gyp ERR! stack     at Process.ChildProcess._handle.onexit (internal/child_process.js:200:12)
gyp ERR! System Linux 3.2.0-113-generic
gyp ERR! command "/usr/bin/nodejs" "/usr/lib/node_modules/npm/node_modules/node-gyp/bin/node-gyp.js" "rebuild"
gyp ERR! cwd /home/guest/Desktop/PLCWebApp/NTK-Server-1-2/node_modules/socket.io/node_modules/engine.io/node_modules/ws
gyp ERR! node -v v4.6.1
gyp ERR! node-gyp -v v3.4.0
gyp ERR! not ok 
